[0.011s] Invoking command in '/home/cobaltboy/ROS2/sros/build/my_bot': CMAKE_PREFIX_PATH=${CMAKE_PREFIX_PATH}:/home/cobaltboy/ROS2/ROS_Task_InterIIT_Tech/install/motor_controller:/home/cobaltboy/ROS2/Project/install/motor_controller:/home/cobaltboy/ROS2/ROS2_First/install/trial_controller:/opt/ros/humble /usr/bin/cmake --build /home/cobaltboy/ROS2/sros/build/my_bot -- -j16 -l16
[0.050s] Invoked command in '/home/cobaltboy/ROS2/sros/build/my_bot' returned '0': CMAKE_PREFIX_PATH=${CMAKE_PREFIX_PATH}:/home/cobaltboy/ROS2/ROS_Task_InterIIT_Tech/install/motor_controller:/home/cobaltboy/ROS2/Project/install/motor_controller:/home/cobaltboy/ROS2/ROS2_First/install/trial_controller:/opt/ros/humble /usr/bin/cmake --build /home/cobaltboy/ROS2/sros/build/my_bot -- -j16 -l16
[0.080s] Invoking command in '/home/cobaltboy/ROS2/sros/build/my_bot': CMAKE_PREFIX_PATH=${CMAKE_PREFIX_PATH}:/home/cobaltboy/ROS2/ROS_Task_InterIIT_Tech/install/motor_controller:/home/cobaltboy/ROS2/Project/install/motor_controller:/home/cobaltboy/ROS2/ROS2_First/install/trial_controller:/opt/ros/humble /usr/bin/cmake --install /home/cobaltboy/ROS2/sros/build/my_bot
[0.086s] -- Install configuration: ""
[0.087s] -- Execute custom install script
[0.087s] -- Up-to-date symlink: /home/cobaltboy/ROS2/sros/install/my_bot/share/my_bot/config/controllers.yaml
[0.087s] -- Up-to-date symlink: /home/cobaltboy/ROS2/sros/install/my_bot/share/my_bot/config/empty.yaml
[0.087s] -- Up-to-date symlink: /home/cobaltboy/ROS2/sros/install/my_bot/share/my_bot/description/robot.urdf.xacro
[0.087s] -- Up-to-date symlink: /home/cobaltboy/ROS2/sros/install/my_bot/share/my_bot/launch/gazebo.launch.py
[0.087s] -- Up-to-date symlink: /home/cobaltboy/ROS2/sros/install/my_bot/share/my_bot/launch/rsp.launch.py
[0.088s] -- Up-to-date symlink: /home/cobaltboy/ROS2/sros/install/my_bot/share/my_bot/worlds/empty.world
[0.088s] -- Up-to-date symlink: /home/cobaltboy/ROS2/sros/install/my_bot/share/my_bot/description/robot.urdf.xacro
[0.088s] -- Up-to-date symlink: /home/cobaltboy/ROS2/sros/install/my_bot/share/ament_index/resource_index/package_run_dependencies/my_bot
[0.088s] -- Up-to-date symlink: /home/cobaltboy/ROS2/sros/install/my_bot/share/ament_index/resource_index/parent_prefix_path/my_bot
[0.088s] -- Up-to-date symlink: /home/cobaltboy/ROS2/sros/install/my_bot/share/my_bot/environment/ament_prefix_path.sh
[0.088s] -- Up-to-date symlink: /home/cobaltboy/ROS2/sros/install/my_bot/share/my_bot/environment/ament_prefix_path.dsv
[0.089s] -- Up-to-date symlink: /home/cobaltboy/ROS2/sros/install/my_bot/share/my_bot/environment/path.sh
[0.089s] -- Up-to-date symlink: /home/cobaltboy/ROS2/sros/install/my_bot/share/my_bot/environment/path.dsv
[0.089s] -- Up-to-date symlink: /home/cobaltboy/ROS2/sros/install/my_bot/share/my_bot/local_setup.bash
[0.089s] -- Up-to-date symlink: /home/cobaltboy/ROS2/sros/install/my_bot/share/my_bot/local_setup.sh
[0.089s] -- Up-to-date symlink: /home/cobaltboy/ROS2/sros/install/my_bot/share/my_bot/local_setup.zsh
[0.089s] -- Up-to-date symlink: /home/cobaltboy/ROS2/sros/install/my_bot/share/my_bot/local_setup.dsv
[0.089s] -- Symlinking: /home/cobaltboy/ROS2/sros/install/my_bot/share/my_bot/package.dsv
[0.099s] -- Up-to-date symlink: /home/cobaltboy/ROS2/sros/install/my_bot/share/ament_index/resource_index/packages/my_bot
[0.099s] -- Up-to-date symlink: /home/cobaltboy/ROS2/sros/install/my_bot/share/my_bot/cmake/my_botConfig.cmake
[0.100s] -- Up-to-date symlink: /home/cobaltboy/ROS2/sros/install/my_bot/share/my_bot/cmake/my_botConfig-version.cmake
[0.100s] -- Up-to-date symlink: /home/cobaltboy/ROS2/sros/install/my_bot/share/my_bot/package.xml
[0.102s] Invoked command in '/home/cobaltboy/ROS2/sros/build/my_bot' returned '0': CMAKE_PREFIX_PATH=${CMAKE_PREFIX_PATH}:/home/cobaltboy/ROS2/ROS_Task_InterIIT_Tech/install/motor_controller:/home/cobaltboy/ROS2/Project/install/motor_controller:/home/cobaltboy/ROS2/ROS2_First/install/trial_controller:/opt/ros/humble /usr/bin/cmake --install /home/cobaltboy/ROS2/sros/build/my_bot
