[0.011s] Invoking command in '/home/cobaltboy/ROS2/sros/build/my_bot': CMAKE_PREFIX_PATH=${CMAKE_PREFIX_PATH}:/home/cobaltboy/ROS2/ROS_Task_InterIIT_Tech/install/motor_controller:/home/cobaltboy/ROS2/Project/install/motor_controller:/home/cobaltboy/ROS2/ROS2_First/install/trial_controller:/opt/ros/humble /usr/bin/cmake /home/cobaltboy/ROS2/sros/src/my_bot -DCMAKE_INSTALL_PREFIX=/home/cobaltboy/ROS2/sros/install/my_bot
[0.021s] -- Found ament_cmake: 1.3.10 (/opt/ros/humble/share/ament_cmake/cmake)
[0.125s] -- Override CMake install command with custom implementation using symlinks instead of copying resources
[0.131s] -- Found ament_lint_auto: 0.12.11 (/opt/ros/humble/share/ament_lint_auto/cmake)
[0.192s] -- Added test 'copyright' to check source files copyright and LICENSE
[0.199s] -- Added test 'flake8' to check Python code syntax and style conventions
[0.200s] -- Added test 'lint_cmake' to check CMake code style
[0.201s] -- Added test 'pep257' to check Python code against some of the docstring style conventions in PEP 257
[0.205s] -- Added test 'xmllint' to check XML markup files
[0.205s] -- Configuring done
[0.208s] -- Generating done
[0.209s] -- Build files have been written to: /home/cobaltboy/ROS2/sros/build/my_bot
[0.213s] Invoked command in '/home/cobaltboy/ROS2/sros/build/my_bot' returned '0': CMAKE_PREFIX_PATH=${CMAKE_PREFIX_PATH}:/home/cobaltboy/ROS2/ROS_Task_InterIIT_Tech/install/motor_controller:/home/cobaltboy/ROS2/Project/install/motor_controller:/home/cobaltboy/ROS2/ROS2_First/install/trial_controller:/opt/ros/humble /usr/bin/cmake /home/cobaltboy/ROS2/sros/src/my_bot -DCMAKE_INSTALL_PREFIX=/home/cobaltboy/ROS2/sros/install/my_bot
[0.215s] Invoking command in '/home/cobaltboy/ROS2/sros/build/my_bot': CMAKE_PREFIX_PATH=${CMAKE_PREFIX_PATH}:/home/cobaltboy/ROS2/ROS_Task_InterIIT_Tech/install/motor_controller:/home/cobaltboy/ROS2/Project/install/motor_controller:/home/cobaltboy/ROS2/ROS2_First/install/trial_controller:/opt/ros/humble /usr/bin/cmake --build /home/cobaltboy/ROS2/sros/build/my_bot -- -j16 -l16
[0.254s] Invoked command in '/home/cobaltboy/ROS2/sros/build/my_bot' returned '0': CMAKE_PREFIX_PATH=${CMAKE_PREFIX_PATH}:/home/cobaltboy/ROS2/ROS_Task_InterIIT_Tech/install/motor_controller:/home/cobaltboy/ROS2/Project/install/motor_controller:/home/cobaltboy/ROS2/ROS2_First/install/trial_controller:/opt/ros/humble /usr/bin/cmake --build /home/cobaltboy/ROS2/sros/build/my_bot -- -j16 -l16
[0.289s] Invoking command in '/home/cobaltboy/ROS2/sros/build/my_bot': CMAKE_PREFIX_PATH=${CMAKE_PREFIX_PATH}:/home/cobaltboy/ROS2/ROS_Task_InterIIT_Tech/install/motor_controller:/home/cobaltboy/ROS2/Project/install/motor_controller:/home/cobaltboy/ROS2/ROS2_First/install/trial_controller:/opt/ros/humble /usr/bin/cmake --install /home/cobaltboy/ROS2/sros/build/my_bot
[0.297s] -- Install configuration: ""
[0.297s] -- Execute custom install script
[0.298s] -- Up-to-date symlink: /home/cobaltboy/ROS2/sros/install/my_bot/share/my_bot/config/controllers.yaml
[0.298s] -- Up-to-date symlink: /home/cobaltboy/ROS2/sros/install/my_bot/share/my_bot/config/empty.yaml
[0.298s] -- Up-to-date symlink: /home/cobaltboy/ROS2/sros/install/my_bot/share/my_bot/description/robot.urdf.xacro
[0.298s] -- Up-to-date symlink: /home/cobaltboy/ROS2/sros/install/my_bot/share/my_bot/launch/gazebo.launch.py
[0.298s] -- Up-to-date symlink: /home/cobaltboy/ROS2/sros/install/my_bot/share/my_bot/launch/rsp.launch.py
[0.298s] -- Up-to-date symlink: /home/cobaltboy/ROS2/sros/install/my_bot/share/my_bot/worlds/empty.world
[0.299s] -- Up-to-date symlink: /home/cobaltboy/ROS2/sros/install/my_bot/share/my_bot/description/robot.urdf.xacro
[0.299s] -- Up-to-date symlink: /home/cobaltboy/ROS2/sros/install/my_bot/share/ament_index/resource_index/package_run_dependencies/my_bot
[0.299s] -- Up-to-date symlink: /home/cobaltboy/ROS2/sros/install/my_bot/share/ament_index/resource_index/parent_prefix_path/my_bot
[0.299s] -- Up-to-date symlink: /home/cobaltboy/ROS2/sros/install/my_bot/share/my_bot/environment/ament_prefix_path.sh
[0.299s] -- Up-to-date symlink: /home/cobaltboy/ROS2/sros/install/my_bot/share/my_bot/environment/ament_prefix_path.dsv
[0.299s] -- Up-to-date symlink: /home/cobaltboy/ROS2/sros/install/my_bot/share/my_bot/environment/path.sh
[0.299s] -- Up-to-date symlink: /home/cobaltboy/ROS2/sros/install/my_bot/share/my_bot/environment/path.dsv
[0.299s] -- Up-to-date symlink: /home/cobaltboy/ROS2/sros/install/my_bot/share/my_bot/local_setup.bash
[0.300s] -- Up-to-date symlink: /home/cobaltboy/ROS2/sros/install/my_bot/share/my_bot/local_setup.sh
[0.300s] -- Up-to-date symlink: /home/cobaltboy/ROS2/sros/install/my_bot/share/my_bot/local_setup.zsh
[0.300s] -- Up-to-date symlink: /home/cobaltboy/ROS2/sros/install/my_bot/share/my_bot/local_setup.dsv
[0.300s] -- Symlinking: /home/cobaltboy/ROS2/sros/install/my_bot/share/my_bot/package.dsv
[0.310s] -- Up-to-date symlink: /home/cobaltboy/ROS2/sros/install/my_bot/share/ament_index/resource_index/packages/my_bot
[0.310s] -- Up-to-date symlink: /home/cobaltboy/ROS2/sros/install/my_bot/share/my_bot/cmake/my_botConfig.cmake
[0.311s] -- Up-to-date symlink: /home/cobaltboy/ROS2/sros/install/my_bot/share/my_bot/cmake/my_botConfig-version.cmake
[0.311s] -- Up-to-date symlink: /home/cobaltboy/ROS2/sros/install/my_bot/share/my_bot/package.xml
[0.314s] Invoked command in '/home/cobaltboy/ROS2/sros/build/my_bot' returned '0': CMAKE_PREFIX_PATH=${CMAKE_PREFIX_PATH}:/home/cobaltboy/ROS2/ROS_Task_InterIIT_Tech/install/motor_controller:/home/cobaltboy/ROS2/Project/install/motor_controller:/home/cobaltboy/ROS2/ROS2_First/install/trial_controller:/opt/ros/humble /usr/bin/cmake --install /home/cobaltboy/ROS2/sros/build/my_bot
