[0.084s] DEBUG:colcon:Command line arguments: ['/usr/bin/colcon', 'build', '--packages-select', 'my_bot']
[0.084s] DEBUG:colcon:Parsed command line arguments: Namespace(log_base=None, log_level=None, verb_name='build', build_base='build', install_base='install', merge_install=False, symlink_install=False, test_result_base=None, continue_on_error=False, executor='parallel', parallel_workers=16, event_handlers=None, ignore_user_meta=False, metas=['./colcon.meta'], base_paths=['.'], packages_ignore=None, packages_ignore_regex=None, paths=None, packages_up_to=None, packages_up_to_regex=None, packages_above=None, packages_above_and_dependencies=None, packages_above_depth=None, packages_select_by_dep=None, packages_skip_by_dep=None, packages_skip_up_to=None, packages_select_build_failed=False, packages_skip_build_finished=False, packages_select_test_failures=False, packages_skip_test_passed=False, packages_select=['my_bot'], packages_skip=None, packages_select_regex=None, packages_skip_regex=None, packages_start=None, packages_end=None, allow_overriding=[], cmake_args=None, cmake_target=None, cmake_target_skip_unavailable=False, cmake_clean_cache=False, cmake_clean_first=False, cmake_force_configure=False, ament_cmake_args=None, catkin_cmake_args=None, catkin_skip_building_tests=False, verb_parser=<colcon_defaults.argument_parser.defaults.DefaultArgumentsDecorator object at 0x74e8ad834850>, verb_extension=<colcon_core.verb.build.BuildVerb object at 0x74e8ad92d450>, main=<bound method BuildVerb.main of <colcon_core.verb.build.BuildVerb object at 0x74e8ad92d450>>)
[0.213s] Level 1:colcon.colcon_core.package_discovery:discover_packages(colcon_meta) check parameters
[0.213s] Level 1:colcon.colcon_core.package_discovery:discover_packages(recursive) check parameters
[0.213s] Level 1:colcon.colcon_core.package_discovery:discover_packages(ignore) check parameters
[0.213s] Level 1:colcon.colcon_core.package_discovery:discover_packages(path) check parameters
[0.213s] Level 1:colcon.colcon_core.package_discovery:discover_packages(colcon_meta) discover
[0.213s] Level 1:colcon.colcon_core.package_discovery:discover_packages(recursive) discover
[0.213s] INFO:colcon.colcon_core.package_discovery:Crawling recursively for packages in '/home/cobaltboy/ROS2/sros'
[0.213s] Level 1:colcon.colcon_core.package_identification:_identify(.) by extensions ['ignore', 'ignore_ament_install']
[0.213s] Level 1:colcon.colcon_core.package_identification:_identify(.) by extension 'ignore'
[0.213s] Level 1:colcon.colcon_core.package_identification:_identify(.) by extension 'ignore_ament_install'
[0.214s] Level 1:colcon.colcon_core.package_identification:_identify(.) by extensions ['colcon_pkg']
[0.214s] Level 1:colcon.colcon_core.package_identification:_identify(.) by extension 'colcon_pkg'
[0.214s] Level 1:colcon.colcon_core.package_identification:_identify(.) by extensions ['colcon_meta']
[0.214s] Level 1:colcon.colcon_core.package_identification:_identify(.) by extension 'colcon_meta'
[0.214s] Level 1:colcon.colcon_core.package_identification:_identify(.) by extensions ['ros']
[0.214s] Level 1:colcon.colcon_core.package_identification:_identify(.) by extension 'ros'
[0.223s] Level 1:colcon.colcon_core.package_identification:_identify(.) by extensions ['cmake', 'python']
[0.223s] Level 1:colcon.colcon_core.package_identification:_identify(.) by extension 'cmake'
[0.223s] Level 1:colcon.colcon_core.package_identification:_identify(.) by extension 'python'
[0.223s] Level 1:colcon.colcon_core.package_identification:_identify(.) by extensions ['python_setup_py']
[0.223s] Level 1:colcon.colcon_core.package_identification:_identify(.) by extension 'python_setup_py'
[0.223s] Level 1:colcon.colcon_core.package_identification:_identify(build) by extensions ['ignore', 'ignore_ament_install']
[0.223s] Level 1:colcon.colcon_core.package_identification:_identify(build) by extension 'ignore'
[0.223s] Level 1:colcon.colcon_core.package_identification:_identify(build) ignored
[0.224s] Level 1:colcon.colcon_core.package_identification:_identify(install) by extensions ['ignore', 'ignore_ament_install']
[0.224s] Level 1:colcon.colcon_core.package_identification:_identify(install) by extension 'ignore'
[0.224s] Level 1:colcon.colcon_core.package_identification:_identify(install) ignored
[0.224s] Level 1:colcon.colcon_core.package_identification:_identify(log) by extensions ['ignore', 'ignore_ament_install']
[0.224s] Level 1:colcon.colcon_core.package_identification:_identify(log) by extension 'ignore'
[0.224s] Level 1:colcon.colcon_core.package_identification:_identify(log) ignored
[0.224s] Level 1:colcon.colcon_core.package_identification:_identify(src) by extensions ['ignore', 'ignore_ament_install']
[0.224s] Level 1:colcon.colcon_core.package_identification:_identify(src) by extension 'ignore'
[0.224s] Level 1:colcon.colcon_core.package_identification:_identify(src) by extension 'ignore_ament_install'
[0.224s] Level 1:colcon.colcon_core.package_identification:_identify(src) by extensions ['colcon_pkg']
[0.224s] Level 1:colcon.colcon_core.package_identification:_identify(src) by extension 'colcon_pkg'
[0.224s] Level 1:colcon.colcon_core.package_identification:_identify(src) by extensions ['colcon_meta']
[0.224s] Level 1:colcon.colcon_core.package_identification:_identify(src) by extension 'colcon_meta'
[0.224s] Level 1:colcon.colcon_core.package_identification:_identify(src) by extensions ['ros']
[0.224s] Level 1:colcon.colcon_core.package_identification:_identify(src) by extension 'ros'
[0.224s] Level 1:colcon.colcon_core.package_identification:_identify(src) by extensions ['cmake', 'python']
[0.224s] Level 1:colcon.colcon_core.package_identification:_identify(src) by extension 'cmake'
[0.224s] Level 1:colcon.colcon_core.package_identification:_identify(src) by extension 'python'
[0.224s] Level 1:colcon.colcon_core.package_identification:_identify(src) by extensions ['python_setup_py']
[0.224s] Level 1:colcon.colcon_core.package_identification:_identify(src) by extension 'python_setup_py'
[0.224s] Level 1:colcon.colcon_core.package_identification:_identify(src/my_bot) by extensions ['ignore', 'ignore_ament_install']
[0.224s] Level 1:colcon.colcon_core.package_identification:_identify(src/my_bot) by extension 'ignore'
[0.224s] Level 1:colcon.colcon_core.package_identification:_identify(src/my_bot) by extension 'ignore_ament_install'
[0.225s] Level 1:colcon.colcon_core.package_identification:_identify(src/my_bot) by extensions ['colcon_pkg']
[0.225s] Level 1:colcon.colcon_core.package_identification:_identify(src/my_bot) by extension 'colcon_pkg'
[0.225s] Level 1:colcon.colcon_core.package_identification:_identify(src/my_bot) by extensions ['colcon_meta']
[0.225s] Level 1:colcon.colcon_core.package_identification:_identify(src/my_bot) by extension 'colcon_meta'
[0.225s] Level 1:colcon.colcon_core.package_identification:_identify(src/my_bot) by extensions ['ros']
[0.225s] Level 1:colcon.colcon_core.package_identification:_identify(src/my_bot) by extension 'ros'
[0.227s] DEBUG:colcon.colcon_core.package_identification:Package 'src/my_bot' with type 'ros.ament_cmake' and name 'my_bot'
[0.227s] Level 1:colcon.colcon_core.package_discovery:discover_packages(recursive) using defaults
[0.227s] Level 1:colcon.colcon_core.package_discovery:discover_packages(ignore) discover
[0.227s] Level 1:colcon.colcon_core.package_discovery:discover_packages(ignore) using defaults
[0.227s] Level 1:colcon.colcon_core.package_discovery:discover_packages(path) discover
[0.227s] Level 1:colcon.colcon_core.package_discovery:discover_packages(path) using defaults
[0.243s] Level 1:colcon.colcon_core.package_discovery:discover_packages(prefix_path) check parameters
[0.243s] Level 1:colcon.colcon_core.package_discovery:discover_packages(prefix_path) discover
[0.244s] DEBUG:colcon.colcon_installed_package_information.package_discovery:Found 1 installed packages in /home/cobaltboy/ROS2/sros/install
[0.245s] DEBUG:colcon.colcon_installed_package_information.package_discovery:Found 1 installed packages in /home/cobaltboy/ROS2/Project/install
[0.245s] DEBUG:colcon.colcon_installed_package_information.package_discovery:Found 1 installed packages in /home/cobaltboy/ROS2/ROS_Task_InterIIT_Tech/install
[0.245s] DEBUG:colcon.colcon_installed_package_information.package_discovery:Found 1 installed packages in /home/cobaltboy/ROS2/ROS2_First/install
[0.247s] DEBUG:colcon.colcon_installed_package_information.package_discovery:Found 331 installed packages in /opt/ros/humble
[0.260s] Level 1:colcon.colcon_core.package_discovery:discover_packages(prefix_path) using defaults
[0.293s] Level 5:colcon.colcon_core.verb:set package 'my_bot' build argument 'cmake_args' from command line to 'None'
[0.293s] Level 5:colcon.colcon_core.verb:set package 'my_bot' build argument 'cmake_target' from command line to 'None'
[0.293s] Level 5:colcon.colcon_core.verb:set package 'my_bot' build argument 'cmake_target_skip_unavailable' from command line to 'False'
[0.293s] Level 5:colcon.colcon_core.verb:set package 'my_bot' build argument 'cmake_clean_cache' from command line to 'False'
[0.293s] Level 5:colcon.colcon_core.verb:set package 'my_bot' build argument 'cmake_clean_first' from command line to 'False'
[0.293s] Level 5:colcon.colcon_core.verb:set package 'my_bot' build argument 'cmake_force_configure' from command line to 'False'
[0.293s] Level 5:colcon.colcon_core.verb:set package 'my_bot' build argument 'ament_cmake_args' from command line to 'None'
[0.293s] Level 5:colcon.colcon_core.verb:set package 'my_bot' build argument 'catkin_cmake_args' from command line to 'None'
[0.293s] Level 5:colcon.colcon_core.verb:set package 'my_bot' build argument 'catkin_skip_building_tests' from command line to 'False'
[0.293s] DEBUG:colcon.colcon_core.verb:Building package 'my_bot' with the following arguments: {'ament_cmake_args': None, 'build_base': '/home/cobaltboy/ROS2/sros/build/my_bot', 'catkin_cmake_args': None, 'catkin_skip_building_tests': False, 'cmake_args': None, 'cmake_clean_cache': False, 'cmake_clean_first': False, 'cmake_force_configure': False, 'cmake_target': None, 'cmake_target_skip_unavailable': False, 'install_base': '/home/cobaltboy/ROS2/sros/install/my_bot', 'merge_install': False, 'path': '/home/cobaltboy/ROS2/sros/src/my_bot', 'symlink_install': False, 'test_result_base': None}
[0.293s] INFO:colcon.colcon_core.executor:Executing jobs using 'parallel' executor
[0.294s] DEBUG:colcon.colcon_parallel_executor.executor.parallel:run_until_complete
[0.295s] INFO:colcon.colcon_ros.task.ament_cmake.build:Building ROS package in '/home/cobaltboy/ROS2/sros/src/my_bot' with build type 'ament_cmake'
[0.295s] INFO:colcon.colcon_cmake.task.cmake.build:Building CMake package in '/home/cobaltboy/ROS2/sros/src/my_bot'
[0.296s] INFO:colcon.colcon_core.plugin_system:Skipping extension 'colcon_core.shell.bat': Not used on non-Windows systems
[0.297s] INFO:colcon.colcon_core.shell:Skip shell extension 'powershell' for command environment: Not usable outside of PowerShell
[0.297s] DEBUG:colcon.colcon_core.shell:Skip shell extension 'dsv' for command environment
[0.306s] DEBUG:colcon.colcon_core.event_handler.log_command:Invoking command in '/home/cobaltboy/ROS2/sros/build/my_bot': CMAKE_PREFIX_PATH=${CMAKE_PREFIX_PATH}:/home/cobaltboy/ROS2/ROS_Task_InterIIT_Tech/install/motor_controller:/home/cobaltboy/ROS2/Project/install/motor_controller:/home/cobaltboy/ROS2/ROS2_First/install/trial_controller:/opt/ros/humble /usr/bin/cmake /home/cobaltboy/ROS2/sros/src/my_bot -DCMAKE_INSTALL_PREFIX=/home/cobaltboy/ROS2/sros/install/my_bot
[0.508s] DEBUG:colcon.colcon_core.event_handler.log_command:Invoked command in '/home/cobaltboy/ROS2/sros/build/my_bot' returned '0': CMAKE_PREFIX_PATH=${CMAKE_PREFIX_PATH}:/home/cobaltboy/ROS2/ROS_Task_InterIIT_Tech/install/motor_controller:/home/cobaltboy/ROS2/Project/install/motor_controller:/home/cobaltboy/ROS2/ROS2_First/install/trial_controller:/opt/ros/humble /usr/bin/cmake /home/cobaltboy/ROS2/sros/src/my_bot -DCMAKE_INSTALL_PREFIX=/home/cobaltboy/ROS2/sros/install/my_bot
[0.510s] DEBUG:colcon.colcon_core.event_handler.log_command:Invoking command in '/home/cobaltboy/ROS2/sros/build/my_bot': CMAKE_PREFIX_PATH=${CMAKE_PREFIX_PATH}:/home/cobaltboy/ROS2/ROS_Task_InterIIT_Tech/install/motor_controller:/home/cobaltboy/ROS2/Project/install/motor_controller:/home/cobaltboy/ROS2/ROS2_First/install/trial_controller:/opt/ros/humble /usr/bin/cmake --build /home/cobaltboy/ROS2/sros/build/my_bot -- -j16 -l16
[0.550s] DEBUG:colcon.colcon_core.event_handler.log_command:Invoked command in '/home/cobaltboy/ROS2/sros/build/my_bot' returned '0': CMAKE_PREFIX_PATH=${CMAKE_PREFIX_PATH}:/home/cobaltboy/ROS2/ROS_Task_InterIIT_Tech/install/motor_controller:/home/cobaltboy/ROS2/Project/install/motor_controller:/home/cobaltboy/ROS2/ROS2_First/install/trial_controller:/opt/ros/humble /usr/bin/cmake --build /home/cobaltboy/ROS2/sros/build/my_bot -- -j16 -l16
[0.584s] DEBUG:colcon.colcon_core.event_handler.log_command:Invoking command in '/home/cobaltboy/ROS2/sros/build/my_bot': CMAKE_PREFIX_PATH=${CMAKE_PREFIX_PATH}:/home/cobaltboy/ROS2/ROS_Task_InterIIT_Tech/install/motor_controller:/home/cobaltboy/ROS2/Project/install/motor_controller:/home/cobaltboy/ROS2/ROS2_First/install/trial_controller:/opt/ros/humble /usr/bin/cmake --install /home/cobaltboy/ROS2/sros/build/my_bot
[0.608s] Level 1:colcon.colcon_core.environment:create_environment_scripts_only(my_bot)
[0.609s] DEBUG:colcon.colcon_core.event_handler.log_command:Invoked command in '/home/cobaltboy/ROS2/sros/build/my_bot' returned '0': CMAKE_PREFIX_PATH=${CMAKE_PREFIX_PATH}:/home/cobaltboy/ROS2/ROS_Task_InterIIT_Tech/install/motor_controller:/home/cobaltboy/ROS2/Project/install/motor_controller:/home/cobaltboy/ROS2/ROS2_First/install/trial_controller:/opt/ros/humble /usr/bin/cmake --install /home/cobaltboy/ROS2/sros/build/my_bot
[0.611s] Level 1:colcon.colcon_core.environment:checking '/home/cobaltboy/ROS2/sros/install/my_bot' for CMake module files
[0.611s] Level 1:colcon.colcon_core.environment:checking '/home/cobaltboy/ROS2/sros/install/my_bot' for CMake config files
[0.611s] Level 1:colcon.colcon_core.shell:create_environment_hook('my_bot', 'cmake_prefix_path')
[0.612s] INFO:colcon.colcon_core.shell:Creating environment hook '/home/cobaltboy/ROS2/sros/install/my_bot/share/my_bot/hook/cmake_prefix_path.ps1'
[0.612s] INFO:colcon.colcon_core.shell:Creating environment descriptor '/home/cobaltboy/ROS2/sros/install/my_bot/share/my_bot/hook/cmake_prefix_path.dsv'
[0.612s] INFO:colcon.colcon_core.shell:Creating environment hook '/home/cobaltboy/ROS2/sros/install/my_bot/share/my_bot/hook/cmake_prefix_path.sh'
[0.613s] Level 1:colcon.colcon_core.environment:checking '/home/cobaltboy/ROS2/sros/install/my_bot/bin'
[0.613s] Level 1:colcon.colcon_core.environment:checking '/home/cobaltboy/ROS2/sros/install/my_bot/lib/pkgconfig/my_bot.pc'
[0.614s] Level 1:colcon.colcon_core.environment:checking '/home/cobaltboy/ROS2/sros/install/my_bot/lib/python3.10/site-packages'
[0.614s] Level 1:colcon.colcon_core.environment:checking '/home/cobaltboy/ROS2/sros/install/my_bot/bin'
[0.614s] INFO:colcon.colcon_core.shell:Creating package script '/home/cobaltboy/ROS2/sros/install/my_bot/share/my_bot/package.ps1'
[0.615s] INFO:colcon.colcon_core.shell:Creating package descriptor '/home/cobaltboy/ROS2/sros/install/my_bot/share/my_bot/package.dsv'
[0.616s] INFO:colcon.colcon_core.shell:Creating package script '/home/cobaltboy/ROS2/sros/install/my_bot/share/my_bot/package.sh'
[0.616s] INFO:colcon.colcon_core.shell:Creating package script '/home/cobaltboy/ROS2/sros/install/my_bot/share/my_bot/package.bash'
[0.617s] INFO:colcon.colcon_core.shell:Creating package script '/home/cobaltboy/ROS2/sros/install/my_bot/share/my_bot/package.zsh'
[0.617s] Level 1:colcon.colcon_core.environment:create_file_with_runtime_dependencies(/home/cobaltboy/ROS2/sros/install/my_bot/share/colcon-core/packages/my_bot)
[0.643s] Level 1:colcon.colcon_core.environment:create_environment_scripts_only(my_bot)
[0.643s] Level 1:colcon.colcon_core.environment:checking '/home/cobaltboy/ROS2/sros/install/my_bot' for CMake module files
[0.643s] Level 1:colcon.colcon_core.environment:checking '/home/cobaltboy/ROS2/sros/install/my_bot' for CMake config files
[0.644s] Level 1:colcon.colcon_core.shell:create_environment_hook('my_bot', 'cmake_prefix_path')
[0.644s] INFO:colcon.colcon_core.shell:Creating environment hook '/home/cobaltboy/ROS2/sros/install/my_bot/share/my_bot/hook/cmake_prefix_path.ps1'
[0.645s] INFO:colcon.colcon_core.shell:Creating environment descriptor '/home/cobaltboy/ROS2/sros/install/my_bot/share/my_bot/hook/cmake_prefix_path.dsv'
[0.645s] INFO:colcon.colcon_core.shell:Creating environment hook '/home/cobaltboy/ROS2/sros/install/my_bot/share/my_bot/hook/cmake_prefix_path.sh'
[0.646s] Level 1:colcon.colcon_core.environment:checking '/home/cobaltboy/ROS2/sros/install/my_bot/bin'
[0.646s] Level 1:colcon.colcon_core.environment:checking '/home/cobaltboy/ROS2/sros/install/my_bot/lib/pkgconfig/my_bot.pc'
[0.646s] Level 1:colcon.colcon_core.environment:checking '/home/cobaltboy/ROS2/sros/install/my_bot/lib/python3.10/site-packages'
[0.646s] Level 1:colcon.colcon_core.environment:checking '/home/cobaltboy/ROS2/sros/install/my_bot/bin'
[0.646s] INFO:colcon.colcon_core.shell:Creating package script '/home/cobaltboy/ROS2/sros/install/my_bot/share/my_bot/package.ps1'
[0.647s] INFO:colcon.colcon_core.shell:Creating package descriptor '/home/cobaltboy/ROS2/sros/install/my_bot/share/my_bot/package.dsv'
[0.647s] INFO:colcon.colcon_core.shell:Creating package script '/home/cobaltboy/ROS2/sros/install/my_bot/share/my_bot/package.sh'
[0.648s] INFO:colcon.colcon_core.shell:Creating package script '/home/cobaltboy/ROS2/sros/install/my_bot/share/my_bot/package.bash'
[0.648s] INFO:colcon.colcon_core.shell:Creating package script '/home/cobaltboy/ROS2/sros/install/my_bot/share/my_bot/package.zsh'
[0.648s] Level 1:colcon.colcon_core.environment:create_file_with_runtime_dependencies(/home/cobaltboy/ROS2/sros/install/my_bot/share/colcon-core/packages/my_bot)
[0.649s] DEBUG:colcon.colcon_parallel_executor.executor.parallel:closing loop
[0.649s] DEBUG:colcon.colcon_parallel_executor.executor.parallel:loop closed
[0.649s] DEBUG:colcon.colcon_parallel_executor.executor.parallel:run_until_complete finished with '0'
[0.649s] DEBUG:colcon.colcon_core.event_reactor:joining thread
[0.654s] INFO:colcon.colcon_core.plugin_system:Skipping extension 'colcon_notification.desktop_notification.terminal_notifier': Not used on non-Darwin systems
[0.654s] INFO:colcon.colcon_core.plugin_system:Skipping extension 'colcon_notification.desktop_notification.win32': Not used on non-Windows systems
[0.654s] INFO:colcon.colcon_notification.desktop_notification:Sending desktop notification using 'notify2'
[0.668s] DEBUG:colcon.colcon_core.event_reactor:joined thread
[0.669s] INFO:colcon.colcon_core.shell:Creating prefix script '/home/cobaltboy/ROS2/sros/install/local_setup.ps1'
[0.670s] INFO:colcon.colcon_core.shell:Creating prefix util module '/home/cobaltboy/ROS2/sros/install/_local_setup_util_ps1.py'
[0.671s] INFO:colcon.colcon_core.shell:Creating prefix chain script '/home/cobaltboy/ROS2/sros/install/setup.ps1'
[0.672s] INFO:colcon.colcon_core.shell:Creating prefix script '/home/cobaltboy/ROS2/sros/install/local_setup.sh'
[0.674s] INFO:colcon.colcon_core.shell:Creating prefix util module '/home/cobaltboy/ROS2/sros/install/_local_setup_util_sh.py'
[0.674s] INFO:colcon.colcon_core.shell:Creating prefix chain script '/home/cobaltboy/ROS2/sros/install/setup.sh'
[0.675s] INFO:colcon.colcon_core.shell:Creating prefix script '/home/cobaltboy/ROS2/sros/install/local_setup.bash'
[0.676s] INFO:colcon.colcon_core.shell:Creating prefix chain script '/home/cobaltboy/ROS2/sros/install/setup.bash'
[0.678s] INFO:colcon.colcon_core.shell:Creating prefix script '/home/cobaltboy/ROS2/sros/install/local_setup.zsh'
[0.679s] INFO:colcon.colcon_core.shell:Creating prefix chain script '/home/cobaltboy/ROS2/sros/install/setup.zsh'
