[0.010s] Invoking command in '/home/cobaltboy/ROS2/sros/build/my_bot': CMAKE_PREFIX_PATH=/home/cobaltboy/ROS2/ROS_Task_InterIIT_Tech/install/motor_controller:/home/cobaltboy/ROS2/Project/install/motor_controller:/home/cobaltboy/ROS2/ROS2_First/install/trial_controller:/opt/ros/humble /usr/bin/cmake /home/cobaltboy/ROS2/sros/src/my_bot -DAMENT_CMAKE_SYMLINK_INSTALL=1 -DCMAKE_INSTALL_PREFIX=/home/cobaltboy/ROS2/sros/install/my_bot
[0.073s] -- The C compiler identification is GNU 11.4.0
[0.133s] -- The CXX compiler identification is GNU 11.4.0
[0.141s] -- Detecting C compiler ABI info
[0.213s] -- Detecting C compiler ABI info - done
[0.220s] -- Check for working C compiler: /usr/bin/cc - skipped
[0.220s] -- Detecting C compile features
[0.220s] -- Detecting C compile features - done
[0.223s] -- Detecting CXX compiler ABI info
[0.306s] -- Detecting CXX compiler ABI info - done
[0.313s] -- Check for working CXX compiler: /usr/bin/c++ - skipped
[0.313s] -- Detecting CXX compile features
[0.314s] -- Detecting CXX compile features - done
[0.320s] -- Found ament_cmake: 1.3.10 (/opt/ros/humble/share/ament_cmake/cmake)
[0.466s] -- Found Python3: /usr/bin/python3 (found version "3.10.12") found components: Interpreter 
[0.525s] -- Override CMake install command with custom implementation using symlinks instead of copying resources
[0.558s] -- Found ament_lint_auto: 0.12.11 (/opt/ros/humble/share/ament_lint_auto/cmake)
[0.638s] -- Added test 'copyright' to check source files copyright and LICENSE
[0.649s] -- Added test 'flake8' to check Python code syntax and style conventions
[0.650s] -- Added test 'lint_cmake' to check CMake code style
[0.651s] -- Added test 'pep257' to check Python code against some of the docstring style conventions in PEP 257
[0.658s] -- Added test 'xmllint' to check XML markup files
[0.659s] -- Configuring done
[0.662s] -- Generating done
[0.663s] -- Build files have been written to: /home/cobaltboy/ROS2/sros/build/my_bot
[0.668s] Invoked command in '/home/cobaltboy/ROS2/sros/build/my_bot' returned '0': CMAKE_PREFIX_PATH=/home/cobaltboy/ROS2/ROS_Task_InterIIT_Tech/install/motor_controller:/home/cobaltboy/ROS2/Project/install/motor_controller:/home/cobaltboy/ROS2/ROS2_First/install/trial_controller:/opt/ros/humble /usr/bin/cmake /home/cobaltboy/ROS2/sros/src/my_bot -DAMENT_CMAKE_SYMLINK_INSTALL=1 -DCMAKE_INSTALL_PREFIX=/home/cobaltboy/ROS2/sros/install/my_bot
[0.670s] Invoking command in '/home/cobaltboy/ROS2/sros/build/my_bot': CMAKE_PREFIX_PATH=/home/cobaltboy/ROS2/ROS_Task_InterIIT_Tech/install/motor_controller:/home/cobaltboy/ROS2/Project/install/motor_controller:/home/cobaltboy/ROS2/ROS2_First/install/trial_controller:/opt/ros/humble /usr/bin/cmake --build /home/cobaltboy/ROS2/sros/build/my_bot -- -j16 -l16
[0.714s] Invoked command in '/home/cobaltboy/ROS2/sros/build/my_bot' returned '0': CMAKE_PREFIX_PATH=/home/cobaltboy/ROS2/ROS_Task_InterIIT_Tech/install/motor_controller:/home/cobaltboy/ROS2/Project/install/motor_controller:/home/cobaltboy/ROS2/ROS2_First/install/trial_controller:/opt/ros/humble /usr/bin/cmake --build /home/cobaltboy/ROS2/sros/build/my_bot -- -j16 -l16
[0.749s] Invoking command in '/home/cobaltboy/ROS2/sros/build/my_bot': CMAKE_PREFIX_PATH=/home/cobaltboy/ROS2/ROS_Task_InterIIT_Tech/install/motor_controller:/home/cobaltboy/ROS2/Project/install/motor_controller:/home/cobaltboy/ROS2/ROS2_First/install/trial_controller:/opt/ros/humble /usr/bin/cmake --install /home/cobaltboy/ROS2/sros/build/my_bot
[0.755s] -- Install configuration: ""
[0.756s] -- Execute custom install script
[0.756s] -- Symlinking: /home/cobaltboy/ROS2/sros/install/my_bot/share/my_bot/config/controllers.yaml
[0.766s] -- Symlinking: /home/cobaltboy/ROS2/sros/install/my_bot/share/my_bot/config/empty.yaml
[0.776s] -- Symlinking: /home/cobaltboy/ROS2/sros/install/my_bot/share/my_bot/description/robot.urdf.xacro
[0.787s] -- Symlinking: /home/cobaltboy/ROS2/sros/install/my_bot/share/my_bot/launch/gazebo.launch.py
[0.797s] -- Symlinking: /home/cobaltboy/ROS2/sros/install/my_bot/share/my_bot/launch/rsp.launch.py
[0.808s] -- Symlinking: /home/cobaltboy/ROS2/sros/install/my_bot/share/my_bot/worlds/empty.world
[0.817s] -- Up-to-date symlink: /home/cobaltboy/ROS2/sros/install/my_bot/share/my_bot/description/robot.urdf.xacro
[0.817s] -- Symlinking: /home/cobaltboy/ROS2/sros/install/my_bot/share/ament_index/resource_index/package_run_dependencies/my_bot
[0.827s] -- Symlinking: /home/cobaltboy/ROS2/sros/install/my_bot/share/ament_index/resource_index/parent_prefix_path/my_bot
[0.837s] -- Symlinking: /home/cobaltboy/ROS2/sros/install/my_bot/share/my_bot/environment/ament_prefix_path.sh
[0.848s] -- Symlinking: /home/cobaltboy/ROS2/sros/install/my_bot/share/my_bot/environment/ament_prefix_path.dsv
[0.858s] -- Symlinking: /home/cobaltboy/ROS2/sros/install/my_bot/share/my_bot/environment/path.sh
[0.867s] -- Symlinking: /home/cobaltboy/ROS2/sros/install/my_bot/share/my_bot/environment/path.dsv
[0.876s] -- Symlinking: /home/cobaltboy/ROS2/sros/install/my_bot/share/my_bot/local_setup.bash
[0.886s] -- Symlinking: /home/cobaltboy/ROS2/sros/install/my_bot/share/my_bot/local_setup.sh
[0.895s] -- Symlinking: /home/cobaltboy/ROS2/sros/install/my_bot/share/my_bot/local_setup.zsh
[0.904s] -- Symlinking: /home/cobaltboy/ROS2/sros/install/my_bot/share/my_bot/local_setup.dsv
[0.915s] -- Symlinking: /home/cobaltboy/ROS2/sros/install/my_bot/share/my_bot/package.dsv
[0.925s] -- Symlinking: /home/cobaltboy/ROS2/sros/install/my_bot/share/ament_index/resource_index/packages/my_bot
[0.935s] -- Symlinking: /home/cobaltboy/ROS2/sros/install/my_bot/share/my_bot/cmake/my_botConfig.cmake
[0.945s] -- Symlinking: /home/cobaltboy/ROS2/sros/install/my_bot/share/my_bot/cmake/my_botConfig-version.cmake
[0.955s] -- Symlinking: /home/cobaltboy/ROS2/sros/install/my_bot/share/my_bot/package.xml
[0.967s] Invoked command in '/home/cobaltboy/ROS2/sros/build/my_bot' returned '0': CMAKE_PREFIX_PATH=/home/cobaltboy/ROS2/ROS_Task_InterIIT_Tech/install/motor_controller:/home/cobaltboy/ROS2/Project/install/motor_controller:/home/cobaltboy/ROS2/ROS2_First/install/trial_controller:/opt/ros/humble /usr/bin/cmake --install /home/cobaltboy/ROS2/sros/build/my_bot
