[0.096s] DEBUG:colcon:Command line arguments: ['/usr/bin/colcon', 'build', '--symlink-install']
[0.096s] DEBUG:colcon:Parsed command line arguments: Namespace(log_base=None, log_level=None, verb_name='build', build_base='build', install_base='install', merge_install=False, symlink_install=True, test_result_base=None, continue_on_error=False, executor='parallel', parallel_workers=16, event_handlers=None, ignore_user_meta=False, metas=['./colcon.meta'], base_paths=['.'], packages_ignore=None, packages_ignore_regex=None, paths=None, packages_up_to=None, packages_up_to_regex=None, packages_above=None, packages_above_and_dependencies=None, packages_above_depth=None, packages_select_by_dep=None, packages_skip_by_dep=None, packages_skip_up_to=None, packages_select_build_failed=False, packages_skip_build_finished=False, packages_select_test_failures=False, packages_skip_test_passed=False, packages_select=None, packages_skip=None, packages_select_regex=None, packages_skip_regex=None, packages_start=None, packages_end=None, allow_overriding=[], cmake_args=None, cmake_target=None, cmake_target_skip_unavailable=False, cmake_clean_cache=False, cmake_clean_first=False, cmake_force_configure=False, ament_cmake_args=None, catkin_cmake_args=None, catkin_skip_building_tests=False, verb_parser=<colcon_defaults.argument_parser.defaults.DefaultArgumentsDecorator object at 0x7e8fac0fca90>, verb_extension=<colcon_core.verb.build.BuildVerb object at 0x7e8fac201690>, main=<bound method BuildVerb.main of <colcon_core.verb.build.BuildVerb object at 0x7e8fac201690>>)
[0.234s] Level 1:colcon.colcon_core.package_discovery:discover_packages(colcon_meta) check parameters
[0.234s] Level 1:colcon.colcon_core.package_discovery:discover_packages(recursive) check parameters
[0.234s] Level 1:colcon.colcon_core.package_discovery:discover_packages(ignore) check parameters
[0.234s] Level 1:colcon.colcon_core.package_discovery:discover_packages(path) check parameters
[0.234s] Level 1:colcon.colcon_core.package_discovery:discover_packages(colcon_meta) discover
[0.234s] Level 1:colcon.colcon_core.package_discovery:discover_packages(recursive) discover
[0.234s] INFO:colcon.colcon_core.package_discovery:Crawling recursively for packages in '/home/cobaltboy/ROS2/sros'
[0.235s] Level 1:colcon.colcon_core.package_identification:_identify(.) by extensions ['ignore', 'ignore_ament_install']
[0.235s] Level 1:colcon.colcon_core.package_identification:_identify(.) by extension 'ignore'
[0.235s] Level 1:colcon.colcon_core.package_identification:_identify(.) by extension 'ignore_ament_install'
[0.235s] Level 1:colcon.colcon_core.package_identification:_identify(.) by extensions ['colcon_pkg']
[0.235s] Level 1:colcon.colcon_core.package_identification:_identify(.) by extension 'colcon_pkg'
[0.235s] Level 1:colcon.colcon_core.package_identification:_identify(.) by extensions ['colcon_meta']
[0.235s] Level 1:colcon.colcon_core.package_identification:_identify(.) by extension 'colcon_meta'
[0.235s] Level 1:colcon.colcon_core.package_identification:_identify(.) by extensions ['ros']
[0.235s] Level 1:colcon.colcon_core.package_identification:_identify(.) by extension 'ros'
[0.244s] Level 1:colcon.colcon_core.package_identification:_identify(.) by extensions ['cmake', 'python']
[0.244s] Level 1:colcon.colcon_core.package_identification:_identify(.) by extension 'cmake'
[0.244s] Level 1:colcon.colcon_core.package_identification:_identify(.) by extension 'python'
[0.244s] Level 1:colcon.colcon_core.package_identification:_identify(.) by extensions ['python_setup_py']
[0.244s] Level 1:colcon.colcon_core.package_identification:_identify(.) by extension 'python_setup_py'
[0.244s] Level 1:colcon.colcon_core.package_identification:_identify(build) by extensions ['ignore', 'ignore_ament_install']
[0.244s] Level 1:colcon.colcon_core.package_identification:_identify(build) by extension 'ignore'
[0.244s] Level 1:colcon.colcon_core.package_identification:_identify(build) ignored
[0.244s] Level 1:colcon.colcon_core.package_identification:_identify(install) by extensions ['ignore', 'ignore_ament_install']
[0.244s] Level 1:colcon.colcon_core.package_identification:_identify(install) by extension 'ignore'
[0.244s] Level 1:colcon.colcon_core.package_identification:_identify(install) ignored
[0.245s] Level 1:colcon.colcon_core.package_identification:_identify(log) by extensions ['ignore', 'ignore_ament_install']
[0.245s] Level 1:colcon.colcon_core.package_identification:_identify(log) by extension 'ignore'
[0.245s] Level 1:colcon.colcon_core.package_identification:_identify(log) ignored
[0.245s] Level 1:colcon.colcon_core.package_identification:_identify(src) by extensions ['ignore', 'ignore_ament_install']
[0.245s] Level 1:colcon.colcon_core.package_identification:_identify(src) by extension 'ignore'
[0.245s] Level 1:colcon.colcon_core.package_identification:_identify(src) by extension 'ignore_ament_install'
[0.245s] Level 1:colcon.colcon_core.package_identification:_identify(src) by extensions ['colcon_pkg']
[0.245s] Level 1:colcon.colcon_core.package_identification:_identify(src) by extension 'colcon_pkg'
[0.245s] Level 1:colcon.colcon_core.package_identification:_identify(src) by extensions ['colcon_meta']
[0.245s] Level 1:colcon.colcon_core.package_identification:_identify(src) by extension 'colcon_meta'
[0.245s] Level 1:colcon.colcon_core.package_identification:_identify(src) by extensions ['ros']
[0.245s] Level 1:colcon.colcon_core.package_identification:_identify(src) by extension 'ros'
[0.245s] Level 1:colcon.colcon_core.package_identification:_identify(src) by extensions ['cmake', 'python']
[0.245s] Level 1:colcon.colcon_core.package_identification:_identify(src) by extension 'cmake'
[0.245s] Level 1:colcon.colcon_core.package_identification:_identify(src) by extension 'python'
[0.245s] Level 1:colcon.colcon_core.package_identification:_identify(src) by extensions ['python_setup_py']
[0.245s] Level 1:colcon.colcon_core.package_identification:_identify(src) by extension 'python_setup_py'
[0.245s] Level 1:colcon.colcon_core.package_identification:_identify(src/my_bot) by extensions ['ignore', 'ignore_ament_install']
[0.245s] Level 1:colcon.colcon_core.package_identification:_identify(src/my_bot) by extension 'ignore'
[0.245s] Level 1:colcon.colcon_core.package_identification:_identify(src/my_bot) by extension 'ignore_ament_install'
[0.245s] Level 1:colcon.colcon_core.package_identification:_identify(src/my_bot) by extensions ['colcon_pkg']
[0.245s] Level 1:colcon.colcon_core.package_identification:_identify(src/my_bot) by extension 'colcon_pkg'
[0.245s] Level 1:colcon.colcon_core.package_identification:_identify(src/my_bot) by extensions ['colcon_meta']
[0.245s] Level 1:colcon.colcon_core.package_identification:_identify(src/my_bot) by extension 'colcon_meta'
[0.245s] Level 1:colcon.colcon_core.package_identification:_identify(src/my_bot) by extensions ['ros']
[0.245s] Level 1:colcon.colcon_core.package_identification:_identify(src/my_bot) by extension 'ros'
[0.248s] DEBUG:colcon.colcon_core.package_identification:Package 'src/my_bot' with type 'ros.ament_cmake' and name 'my_bot'
[0.248s] Level 1:colcon.colcon_core.package_discovery:discover_packages(recursive) using defaults
[0.248s] Level 1:colcon.colcon_core.package_discovery:discover_packages(ignore) discover
[0.248s] Level 1:colcon.colcon_core.package_discovery:discover_packages(ignore) using defaults
[0.248s] Level 1:colcon.colcon_core.package_discovery:discover_packages(path) discover
[0.248s] Level 1:colcon.colcon_core.package_discovery:discover_packages(path) using defaults
[0.264s] Level 1:colcon.colcon_core.package_discovery:discover_packages(prefix_path) check parameters
[0.264s] Level 1:colcon.colcon_core.package_discovery:discover_packages(prefix_path) discover
[0.265s] DEBUG:colcon.colcon_installed_package_information.package_discovery:Found 1 installed packages in /home/cobaltboy/ROS2/Project/install
[0.266s] DEBUG:colcon.colcon_installed_package_information.package_discovery:Found 1 installed packages in /home/cobaltboy/ROS2/ROS_Task_InterIIT_Tech/install
[0.266s] DEBUG:colcon.colcon_installed_package_information.package_discovery:Found 1 installed packages in /home/cobaltboy/ROS2/ROS2_First/install
[0.268s] DEBUG:colcon.colcon_installed_package_information.package_discovery:Found 331 installed packages in /opt/ros/humble
[0.281s] Level 1:colcon.colcon_core.package_discovery:discover_packages(prefix_path) using defaults
[0.315s] Level 5:colcon.colcon_core.verb:set package 'my_bot' build argument 'cmake_args' from command line to 'None'
[0.315s] Level 5:colcon.colcon_core.verb:set package 'my_bot' build argument 'cmake_target' from command line to 'None'
[0.315s] Level 5:colcon.colcon_core.verb:set package 'my_bot' build argument 'cmake_target_skip_unavailable' from command line to 'False'
[0.315s] Level 5:colcon.colcon_core.verb:set package 'my_bot' build argument 'cmake_clean_cache' from command line to 'False'
[0.315s] Level 5:colcon.colcon_core.verb:set package 'my_bot' build argument 'cmake_clean_first' from command line to 'False'
[0.315s] Level 5:colcon.colcon_core.verb:set package 'my_bot' build argument 'cmake_force_configure' from command line to 'False'
[0.315s] Level 5:colcon.colcon_core.verb:set package 'my_bot' build argument 'ament_cmake_args' from command line to 'None'
[0.315s] Level 5:colcon.colcon_core.verb:set package 'my_bot' build argument 'catkin_cmake_args' from command line to 'None'
[0.315s] Level 5:colcon.colcon_core.verb:set package 'my_bot' build argument 'catkin_skip_building_tests' from command line to 'False'
[0.315s] DEBUG:colcon.colcon_core.verb:Building package 'my_bot' with the following arguments: {'ament_cmake_args': None, 'build_base': '/home/cobaltboy/ROS2/sros/build/my_bot', 'catkin_cmake_args': None, 'catkin_skip_building_tests': False, 'cmake_args': None, 'cmake_clean_cache': False, 'cmake_clean_first': False, 'cmake_force_configure': False, 'cmake_target': None, 'cmake_target_skip_unavailable': False, 'install_base': '/home/cobaltboy/ROS2/sros/install/my_bot', 'merge_install': False, 'path': '/home/cobaltboy/ROS2/sros/src/my_bot', 'symlink_install': True, 'test_result_base': None}
[0.315s] INFO:colcon.colcon_core.executor:Executing jobs using 'parallel' executor
[0.316s] DEBUG:colcon.colcon_parallel_executor.executor.parallel:run_until_complete
[0.316s] INFO:colcon.colcon_ros.task.ament_cmake.build:Building ROS package in '/home/cobaltboy/ROS2/sros/src/my_bot' with build type 'ament_cmake'
[0.316s] INFO:colcon.colcon_cmake.task.cmake.build:Building CMake package in '/home/cobaltboy/ROS2/sros/src/my_bot'
[0.318s] INFO:colcon.colcon_core.plugin_system:Skipping extension 'colcon_core.shell.bat': Not used on non-Windows systems
[0.318s] INFO:colcon.colcon_core.shell:Skip shell extension 'powershell' for command environment: Not usable outside of PowerShell
[0.318s] DEBUG:colcon.colcon_core.shell:Skip shell extension 'dsv' for command environment
[0.327s] DEBUG:colcon.colcon_core.event_handler.log_command:Invoking command in '/home/cobaltboy/ROS2/sros/build/my_bot': CMAKE_PREFIX_PATH=/home/cobaltboy/ROS2/ROS_Task_InterIIT_Tech/install/motor_controller:/home/cobaltboy/ROS2/Project/install/motor_controller:/home/cobaltboy/ROS2/ROS2_First/install/trial_controller:/opt/ros/humble /usr/bin/cmake /home/cobaltboy/ROS2/sros/src/my_bot -DAMENT_CMAKE_SYMLINK_INSTALL=1 -DCMAKE_INSTALL_PREFIX=/home/cobaltboy/ROS2/sros/install/my_bot
[0.984s] DEBUG:colcon.colcon_core.event_handler.log_command:Invoked command in '/home/cobaltboy/ROS2/sros/build/my_bot' returned '0': CMAKE_PREFIX_PATH=/home/cobaltboy/ROS2/ROS_Task_InterIIT_Tech/install/motor_controller:/home/cobaltboy/ROS2/Project/install/motor_controller:/home/cobaltboy/ROS2/ROS2_First/install/trial_controller:/opt/ros/humble /usr/bin/cmake /home/cobaltboy/ROS2/sros/src/my_bot -DAMENT_CMAKE_SYMLINK_INSTALL=1 -DCMAKE_INSTALL_PREFIX=/home/cobaltboy/ROS2/sros/install/my_bot
[0.987s] DEBUG:colcon.colcon_core.event_handler.log_command:Invoking command in '/home/cobaltboy/ROS2/sros/build/my_bot': CMAKE_PREFIX_PATH=/home/cobaltboy/ROS2/ROS_Task_InterIIT_Tech/install/motor_controller:/home/cobaltboy/ROS2/Project/install/motor_controller:/home/cobaltboy/ROS2/ROS2_First/install/trial_controller:/opt/ros/humble /usr/bin/cmake --build /home/cobaltboy/ROS2/sros/build/my_bot -- -j16 -l16
[1.030s] DEBUG:colcon.colcon_core.event_handler.log_command:Invoked command in '/home/cobaltboy/ROS2/sros/build/my_bot' returned '0': CMAKE_PREFIX_PATH=/home/cobaltboy/ROS2/ROS_Task_InterIIT_Tech/install/motor_controller:/home/cobaltboy/ROS2/Project/install/motor_controller:/home/cobaltboy/ROS2/ROS2_First/install/trial_controller:/opt/ros/humble /usr/bin/cmake --build /home/cobaltboy/ROS2/sros/build/my_bot -- -j16 -l16
[1.065s] DEBUG:colcon.colcon_core.event_handler.log_command:Invoking command in '/home/cobaltboy/ROS2/sros/build/my_bot': CMAKE_PREFIX_PATH=/home/cobaltboy/ROS2/ROS_Task_InterIIT_Tech/install/motor_controller:/home/cobaltboy/ROS2/Project/install/motor_controller:/home/cobaltboy/ROS2/ROS2_First/install/trial_controller:/opt/ros/humble /usr/bin/cmake --install /home/cobaltboy/ROS2/sros/build/my_bot
[1.282s] Level 1:colcon.colcon_core.environment:create_environment_scripts_only(my_bot)
[1.283s] DEBUG:colcon.colcon_core.event_handler.log_command:Invoked command in '/home/cobaltboy/ROS2/sros/build/my_bot' returned '0': CMAKE_PREFIX_PATH=/home/cobaltboy/ROS2/ROS_Task_InterIIT_Tech/install/motor_controller:/home/cobaltboy/ROS2/Project/install/motor_controller:/home/cobaltboy/ROS2/ROS2_First/install/trial_controller:/opt/ros/humble /usr/bin/cmake --install /home/cobaltboy/ROS2/sros/build/my_bot
[1.285s] Level 1:colcon.colcon_core.environment:checking '/home/cobaltboy/ROS2/sros/install/my_bot' for CMake module files
[1.285s] Level 1:colcon.colcon_core.environment:checking '/home/cobaltboy/ROS2/sros/install/my_bot' for CMake config files
[1.286s] Level 1:colcon.colcon_core.shell:create_environment_hook('my_bot', 'cmake_prefix_path')
[1.286s] INFO:colcon.colcon_core.shell:Creating environment hook '/home/cobaltboy/ROS2/sros/install/my_bot/share/my_bot/hook/cmake_prefix_path.ps1'
[1.287s] INFO:colcon.colcon_core.shell:Creating environment descriptor '/home/cobaltboy/ROS2/sros/install/my_bot/share/my_bot/hook/cmake_prefix_path.dsv'
[1.287s] INFO:colcon.colcon_core.shell:Creating environment hook '/home/cobaltboy/ROS2/sros/install/my_bot/share/my_bot/hook/cmake_prefix_path.sh'
[1.288s] Level 1:colcon.colcon_core.environment:checking '/home/cobaltboy/ROS2/sros/install/my_bot/bin'
[1.288s] Level 1:colcon.colcon_core.environment:checking '/home/cobaltboy/ROS2/sros/install/my_bot/lib/pkgconfig/my_bot.pc'
[1.288s] Level 1:colcon.colcon_core.environment:checking '/home/cobaltboy/ROS2/sros/install/my_bot/lib/python3.10/site-packages'
[1.288s] Level 1:colcon.colcon_core.environment:checking '/home/cobaltboy/ROS2/sros/install/my_bot/bin'
[1.288s] INFO:colcon.colcon_core.shell:Creating package script '/home/cobaltboy/ROS2/sros/install/my_bot/share/my_bot/package.ps1'
[1.289s] INFO:colcon.colcon_core.shell:Creating package descriptor '/home/cobaltboy/ROS2/sros/install/my_bot/share/my_bot/package.dsv'
[1.289s] INFO:colcon.colcon_core.shell:Creating package script '/home/cobaltboy/ROS2/sros/install/my_bot/share/my_bot/package.sh'
[1.290s] INFO:colcon.colcon_core.shell:Creating package script '/home/cobaltboy/ROS2/sros/install/my_bot/share/my_bot/package.bash'
[1.290s] INFO:colcon.colcon_core.shell:Creating package script '/home/cobaltboy/ROS2/sros/install/my_bot/share/my_bot/package.zsh'
[1.291s] Level 1:colcon.colcon_core.environment:create_file_with_runtime_dependencies(/home/cobaltboy/ROS2/sros/install/my_bot/share/colcon-core/packages/my_bot)
[1.316s] Level 1:colcon.colcon_core.environment:create_environment_scripts_only(my_bot)
[1.316s] Level 1:colcon.colcon_core.environment:checking '/home/cobaltboy/ROS2/sros/install/my_bot' for CMake module files
[1.317s] Level 1:colcon.colcon_core.environment:checking '/home/cobaltboy/ROS2/sros/install/my_bot' for CMake config files
[1.317s] Level 1:colcon.colcon_core.shell:create_environment_hook('my_bot', 'cmake_prefix_path')
[1.317s] INFO:colcon.colcon_core.shell:Creating environment hook '/home/cobaltboy/ROS2/sros/install/my_bot/share/my_bot/hook/cmake_prefix_path.ps1'
[1.318s] INFO:colcon.colcon_core.shell:Creating environment descriptor '/home/cobaltboy/ROS2/sros/install/my_bot/share/my_bot/hook/cmake_prefix_path.dsv'
[1.318s] INFO:colcon.colcon_core.shell:Creating environment hook '/home/cobaltboy/ROS2/sros/install/my_bot/share/my_bot/hook/cmake_prefix_path.sh'
[1.318s] Level 1:colcon.colcon_core.environment:checking '/home/cobaltboy/ROS2/sros/install/my_bot/bin'
[1.318s] Level 1:colcon.colcon_core.environment:checking '/home/cobaltboy/ROS2/sros/install/my_bot/lib/pkgconfig/my_bot.pc'
[1.319s] Level 1:colcon.colcon_core.environment:checking '/home/cobaltboy/ROS2/sros/install/my_bot/lib/python3.10/site-packages'
[1.319s] Level 1:colcon.colcon_core.environment:checking '/home/cobaltboy/ROS2/sros/install/my_bot/bin'
[1.319s] INFO:colcon.colcon_core.shell:Creating package script '/home/cobaltboy/ROS2/sros/install/my_bot/share/my_bot/package.ps1'
[1.319s] INFO:colcon.colcon_core.shell:Creating package descriptor '/home/cobaltboy/ROS2/sros/install/my_bot/share/my_bot/package.dsv'
[1.320s] INFO:colcon.colcon_core.shell:Creating package script '/home/cobaltboy/ROS2/sros/install/my_bot/share/my_bot/package.sh'
[1.320s] INFO:colcon.colcon_core.shell:Creating package script '/home/cobaltboy/ROS2/sros/install/my_bot/share/my_bot/package.bash'
[1.320s] INFO:colcon.colcon_core.shell:Creating package script '/home/cobaltboy/ROS2/sros/install/my_bot/share/my_bot/package.zsh'
[1.321s] Level 1:colcon.colcon_core.environment:create_file_with_runtime_dependencies(/home/cobaltboy/ROS2/sros/install/my_bot/share/colcon-core/packages/my_bot)
[1.321s] DEBUG:colcon.colcon_parallel_executor.executor.parallel:closing loop
[1.321s] DEBUG:colcon.colcon_parallel_executor.executor.parallel:loop closed
[1.321s] DEBUG:colcon.colcon_parallel_executor.executor.parallel:run_until_complete finished with '0'
[1.321s] DEBUG:colcon.colcon_core.event_reactor:joining thread
[1.326s] INFO:colcon.colcon_core.plugin_system:Skipping extension 'colcon_notification.desktop_notification.terminal_notifier': Not used on non-Darwin systems
[1.327s] INFO:colcon.colcon_core.plugin_system:Skipping extension 'colcon_notification.desktop_notification.win32': Not used on non-Windows systems
[1.327s] INFO:colcon.colcon_notification.desktop_notification:Sending desktop notification using 'notify2'
[1.341s] DEBUG:colcon.colcon_core.event_reactor:joined thread
[1.341s] INFO:colcon.colcon_core.shell:Creating prefix script '/home/cobaltboy/ROS2/sros/install/local_setup.ps1'
[1.342s] INFO:colcon.colcon_core.shell:Creating prefix util module '/home/cobaltboy/ROS2/sros/install/_local_setup_util_ps1.py'
[1.344s] INFO:colcon.colcon_core.shell:Creating prefix chain script '/home/cobaltboy/ROS2/sros/install/setup.ps1'
[1.345s] INFO:colcon.colcon_core.shell:Creating prefix script '/home/cobaltboy/ROS2/sros/install/local_setup.sh'
[1.346s] INFO:colcon.colcon_core.shell:Creating prefix util module '/home/cobaltboy/ROS2/sros/install/_local_setup_util_sh.py'
[1.346s] INFO:colcon.colcon_core.shell:Creating prefix chain script '/home/cobaltboy/ROS2/sros/install/setup.sh'
[1.348s] INFO:colcon.colcon_core.shell:Creating prefix script '/home/cobaltboy/ROS2/sros/install/local_setup.bash'
[1.348s] INFO:colcon.colcon_core.shell:Creating prefix chain script '/home/cobaltboy/ROS2/sros/install/setup.bash'
[1.349s] INFO:colcon.colcon_core.shell:Creating prefix script '/home/cobaltboy/ROS2/sros/install/local_setup.zsh'
[1.350s] INFO:colcon.colcon_core.shell:Creating prefix chain script '/home/cobaltboy/ROS2/sros/install/setup.zsh'
